<?xml version="1.0" encoding="UTF-8"?>
<!-- Generated by org.testng.reporters.JUnitXMLReporter -->
<testsuite ignored="0" hostname="DESKTOP-AKTG691" failures="0" tests="1" name="RegTest" time="0.043" errors="0" timestamp="2022-04-04T18:41:40 IST">
  <testcase classname="com.Utility.BaseClass" name="@BeforeMethod setup" time="-1.649077900126E9">
    <failure type="org.testng.TestNGException" message="
Parameter &amp;apos;BrowserName&amp;apos; is required by BeforeMethod on method setup but has not been marked @Optional or defined
in C:\Users\Windows\eclipse-workspace\BankingDomain\verifyRegistration.xml">
      <![CDATA[org.testng.TestNGException: 
Parameter 'BrowserName' is required by BeforeMethod on method setup but has not been marked @Optional or defined
in C:\Users\Windows\eclipse-workspace\BankingDomain\verifyRegistration.xml
at java.base/java.util.ArrayList.forEach(ArrayList.java:1511)
... Removed 29 stack frames]]>
    </failure>
  </testcase> <!-- @BeforeMethod setup -->
  <testcase classname="com.Utility.BaseClass" name="@AfterMethod tearDown" time="-1.649077900162E9">
    <skipped/>
  </testcase> <!-- @AfterMethod tearDown -->
  <testcase classname="com.Test.Tc_001_VerifyRegistration" name="VerifyRegistration" time="0.0">
    <skipped/>
  </testcase> <!-- VerifyRegistration -->
</testsuite> <!-- RegTest -->
